16/Jan/2015 11:31:06,419- Organisation: starting retrieve for http://admoss.info/apr/org/org#106
16/Jan/2015 11:31:20,579- Organisation: retrieve completed
16/Jan/2015 11:31:20,580- APR: ID: http://admoss.info/apr/org/org#106
16/Jan/2015 11:31:20,664- APR: Title: Socialist Equality Party
16/Jan/2015 11:31:20,664- APR: Description: The Socialist Equality Party is the Australian section of the International Committee of the Fourth International (ICFI), the world party of socialist revolution.
16/Jan/2015 11:31:20,665- APR: Website: www.sep.org.au
16/Jan/2015 11:31:20,665- APR: ****************************************************
16/Jan/2015 11:31:20,666- Organisation: starting retrieve for 
16/Jan/2015 11:31:21,388- Organisation: retrieve completed
16/Jan/2015 11:31:21,435- Organisation: <ModelCom   {} | >
16/Jan/2015 11:33:34,214- Organisation: starting retrieve for http://admoss.info/apr/org/org#106
16/Jan/2015 11:33:34,234- Organisation: starting retrieve for http://admoss.info/apr/org/org#106
16/Jan/2015 11:33:37,226- Organisation: retrieve completed
16/Jan/2015 11:33:37,227- APR: ID: http://admoss.info/apr/org/org#106
16/Jan/2015 11:33:37,241- Organisation: retrieve completed
16/Jan/2015 11:33:37,242- APR: ID: http://admoss.info/apr/org/org#106
16/Jan/2015 11:33:37,268- APR: Title: Socialist Equality Party
16/Jan/2015 11:33:37,269- APR: Description: The Socialist Equality Party is the Australian section of the International Committee of the Fourth International (ICFI), the world party of socialist revolution.
16/Jan/2015 11:33:37,269- APR: Website: www.sep.org.au
16/Jan/2015 11:33:37,269- APR: ****************************************************
16/Jan/2015 11:33:37,273- APR: Title: Socialist Equality Party
16/Jan/2015 11:33:37,273- APR: Description: The Socialist Equality Party is the Australian section of the International Committee of the Fourth International (ICFI), the world party of socialist revolution.
16/Jan/2015 11:33:37,274- APR: Website: www.sep.org.au
16/Jan/2015 11:33:37,274- APR: ****************************************************
16/Jan/2015 11:33:37,287- Organisation: starting retrieve
16/Jan/2015 11:33:37,287- Organisation: starting retrieve
16/Jan/2015 11:33:37,894- Organisation: retrieve completed
16/Jan/2015 11:33:37,903- Organisation: retrieve completed
16/Jan/2015 11:33:37,910- Organisation: <ModelCom   {} | >
16/Jan/2015 11:33:37,926- Organisation: <ModelCom   {} | >
16/Jan/2015 11:34:52,732- Organisation: starting retrieve for http://admoss.info/apr/org/org#106
16/Jan/2015 11:34:55,017- Organisation: retrieve completed
16/Jan/2015 11:34:55,017- APR: ID: http://admoss.info/apr/org/org#106
16/Jan/2015 11:34:55,031- APR: Title: Socialist Equality Party
16/Jan/2015 11:34:55,031- APR: Description: The Socialist Equality Party is the Australian section of the International Committee of the Fourth International (ICFI), the world party of socialist revolution.
16/Jan/2015 11:34:55,032- APR: Website: www.sep.org.au
16/Jan/2015 11:34:55,032- APR: ****************************************************
16/Jan/2015 11:34:55,033- Organisation: starting retrieve
16/Jan/2015 11:34:55,640- Organisation: retrieve completed
16/Jan/2015 11:36:31,790- Organisation: starting retrieve for http://admoss.info/apr/org/org#106
16/Jan/2015 11:36:33,701- Organisation: retrieve completed
16/Jan/2015 11:36:33,702- APR: ID: http://admoss.info/apr/org/org#106
16/Jan/2015 11:36:33,720- APR: Title: Socialist Equality Party
16/Jan/2015 11:36:33,721- APR: Description: The Socialist Equality Party is the Australian section of the International Committee of the Fourth International (ICFI), the world party of socialist revolution.
16/Jan/2015 11:36:33,722- APR: Website: www.sep.org.au
16/Jan/2015 11:36:33,722- APR: ****************************************************
16/Jan/2015 11:36:33,723- Organisation: starting retrieve
16/Jan/2015 11:36:34,314- Organisation: retrieve completed
16/Jan/2015 11:37:31,766- Organisation: starting retrieve for http://admoss.info/apr/org/org#106
16/Jan/2015 11:37:33,627- Organisation: retrieve completed
16/Jan/2015 11:37:33,629- APR: ID: http://admoss.info/apr/org/org#106
16/Jan/2015 11:37:33,643- APR: Title: Socialist Equality Party
16/Jan/2015 11:37:33,643- APR: Description: The Socialist Equality Party is the Australian section of the International Committee of the Fourth International (ICFI), the world party of socialist revolution.
16/Jan/2015 11:37:33,644- APR: Website: www.sep.org.au
16/Jan/2015 11:37:33,644- APR: ****************************************************
16/Jan/2015 11:37:33,645- Organisation: starting retrieve
16/Jan/2015 11:37:34,271- Organisation: retrieve completed
16/Jan/2015 11:38:15,760- Organisation: starting retrieve for http://admoss.info/apr/org/org#106
16/Jan/2015 11:38:17,806- Organisation: retrieve completed
16/Jan/2015 11:38:17,807- APR: ID: http://admoss.info/apr/org/org#106
16/Jan/2015 11:38:17,822- APR: Title: Socialist Equality Party
16/Jan/2015 11:38:17,823- APR: Description: The Socialist Equality Party is the Australian section of the International Committee of the Fourth International (ICFI), the world party of socialist revolution.
16/Jan/2015 11:38:17,823- APR: Website: www.sep.org.au
16/Jan/2015 11:38:17,823- APR: ****************************************************
16/Jan/2015 11:38:17,824- Organisation: starting retrieve
16/Jan/2015 11:38:18,691- Organisation: retrieve completed
16/Jan/2015 11:41:02,256- Organisation: starting retrieve for http://admoss.info/apr/org/org#106
16/Jan/2015 11:41:04,274- Organisation: retrieve completed
16/Jan/2015 11:41:04,274- APR: ID: http://admoss.info/apr/org/org#106
16/Jan/2015 11:41:04,290- APR: Title: Socialist Equality Party
16/Jan/2015 11:41:04,291- APR: Description: The Socialist Equality Party is the Australian section of the International Committee of the Fourth International (ICFI), the world party of socialist revolution.
16/Jan/2015 11:41:04,291- APR: Website: www.sep.org.au
16/Jan/2015 11:41:04,291- APR: ****************************************************
16/Jan/2015 11:41:04,292- Organisation: starting retrieve
16/Jan/2015 11:41:06,049- Organisation: retrieve completed
16/Jan/2015 11:42:05,066- Organisation: starting retrieve for http://admoss.info/apr/org/org#106
16/Jan/2015 11:42:07,442- Organisation: retrieve completed
16/Jan/2015 11:42:07,442- APR: ID: http://admoss.info/apr/org/org#106
16/Jan/2015 11:42:07,457- APR: Title: Socialist Equality Party
16/Jan/2015 11:42:07,457- APR: Description: The Socialist Equality Party is the Australian section of the International Committee of the Fourth International (ICFI), the world party of socialist revolution.
16/Jan/2015 11:42:07,457- APR: Website: www.sep.org.au
16/Jan/2015 11:42:07,457- APR: ****************************************************
16/Jan/2015 11:42:07,458- Organisation: starting retrieve
16/Jan/2015 11:42:08,586- Organisation: retrieve completed
16/Jan/2015 11:44:35,931- Organisation: starting retrieve for http://admoss.info/apr/org/org#106
16/Jan/2015 11:44:38,077- Organisation: retrieve completed
16/Jan/2015 11:44:38,078- APR: ID: http://admoss.info/apr/org/org#106
16/Jan/2015 11:44:38,094- APR: Title: Socialist Equality Party
16/Jan/2015 11:44:38,095- APR: Description: The Socialist Equality Party is the Australian section of the International Committee of the Fourth International (ICFI), the world party of socialist revolution.
16/Jan/2015 11:44:38,095- APR: Website: www.sep.org.au
16/Jan/2015 11:44:38,095- APR: ****************************************************
16/Jan/2015 11:44:38,097- Organisation: starting retrieve
16/Jan/2015 11:44:39,187- Organisation: retrieve completed
